<?xml version="1.0" encoding="UTF-8"?>
<!-- Generated by org.testng.reporters.JUnitReportReporter -->
<testsuite hostname="DESKTOP-T2COU3K" failures="0" tests="1" name="datatypes.Data_Types_Practice" time="0.005" errors="0" timestamp="2021-11-28T00:27:56 GMT" skipped="0">
  <testcase classname="datatypes.Data_Types_Practice" name="testing" time="0.005"/>
  <system-out/>
</testsuite> <!-- datatypes.Data_Types_Practice -->
